<?xml version="1.0" encoding="UTF-8"?>
<!-- Generated by org.testng.reporters.JUnitReportReporter -->
<testsuite hostname="EIL-IT-990-09" name="automationFramework.FrameworkDriver" tests="1" failures="0" timestamp="2 Dec 2016 08:55:18 GMT" time="1061.723" errors="0">
  <testcase name="StartTest" time="1061.723" classname="automationFramework.FrameworkDriver"/>
</testsuite> <!-- automationFramework.FrameworkDriver -->
