<?xml version="1.0" encoding="UTF-8"?>
<!-- Generated by org.testng.reporters.JUnitReportReporter -->
<testsuite hostname="EIL-IT-990-09" name="automationFramework.FrameworkDriver" tests="1" failures="0" timestamp="17 Jun 2016 10:00:44 GMT" time="49.262" errors="0">
  <testcase name="StartTest" time="49.262" classname="automationFramework.FrameworkDriver"/>
</testsuite> <!-- automationFramework.FrameworkDriver -->
